#
# There is insufficient memory for the Java Runtime Environment to continue.
# Native memory allocation (malloc) failed to allocate 1048576 bytes for AllocateHeap
# Possible reasons:
#   The system is out of physical RAM or swap space
#   In 32 bit mode, the process size limit was hit
# Possible solutions:
#   Reduce memory load on the system
#   Increase physical memory or swap space
#   Check if swap backing store is full
#   Use 64 bit Java on a 64 bit OS
#   Decrease Java heap size (-Xmx/-Xms)
#   Decrease number of Java threads
#   Decrease Java thread stack sizes (-Xss)
#   Set larger code cache with -XX:ReservedCodeCacheSize=
# This output file may be truncated or incomplete.
#
#  Out of Memory Error (memory/allocation.inline.hpp:62), pid=11652, tid=10308
#
# JRE version:  (8.0_25-b18) (build )
# Java VM: Java HotSpot(TM) 64-Bit Server VM (25.25-b02 mixed mode windows-amd64 compressed oops)
# Failed to write core dump. Minidumps are not enabled by default on client versions of Windows
#

---------------  T H R E A D  ---------------

Current thread (0x000000000204e000):  JavaThread "Unknown thread" [_thread_in_vm, id=10308, stack(0x0000000001f10000,0x0000000002010000)]

Stack: [0x0000000001f10000,0x0000000002010000]
Native frames: (J=compiled Java code, j=interpreted, Vv=VM code, C=native code)
V  [jvm.dll+0x31667a]


---------------  P R O C E S S  ---------------

Java Threads: ( => current thread )

Other Threads:

=>0x000000000204e000 (exited) JavaThread "Unknown thread" [_thread_in_vm, id=10308, stack(0x0000000001f10000,0x0000000002010000)]

VM state:not at safepoint (normal execution)

VM Mutex/Monitor currently owned by a thread: None

Heap:
 PSYoungGen      total 38400K, used 665K [0x00000000eab00000, 0x00000000ed580000, 0x0000000100000000)
  eden space 33280K, 2% used [0x00000000eab00000,0x00000000eaba6670,0x00000000ecb80000)
  from space 5120K, 0% used [0x00000000ed080000,0x00000000ed080000,0x00000000ed580000)
  to   space 5120K, 0% used [0x00000000ecb80000,0x00000000ecb80000,0x00000000ed080000)
 ParOldGen       total 87552K, used 0K [0x00000000c0000000, 0x00000000c5580000, 0x00000000eab00000)
  object space 87552K, 0% used [0x00000000c0000000,0x00000000c0000000,0x00000000c5580000)
 Metaspace       used 674K, capacity 4480K, committed 4480K, reserved 1056768K
  class space    used 66K, capacity 384K, committed 384K, reserved 1048576K

Card table byte_map: [0x0000000011620000,0x0000000011830000] byte_map_base: 0x0000000011020000

Marking Bits: (ParMarkBitMap*) 0x000000006ca0d490
 Begin Bits: [0x0000000011d90000, 0x0000000012d90000)
 End Bits:   [0x0000000012d90000, 0x0000000013d90000)

Polling page: 0x0000000000710000

CodeCache: size=245760Kb used=327Kb max_used=327Kb free=245432Kb
 bounds [0x0000000002260000, 0x00000000024d0000, 0x0000000011260000]
 total_blobs=56 nmethods=0 adapters=37
 compilation: enabled

Compilation events (0 events):
No events

GC Heap History (0 events):
No events

Deoptimization events (0 events):
No events

Internal exceptions (0 events):
No events

Events (10 events):
Event: 6.788 loading class java/lang/Short
Event: 6.788 loading class java/lang/Short done
Event: 6.788 loading class java/lang/Integer
Event: 6.788 loading class java/lang/Integer done
Event: 6.788 loading class java/lang/Long
Event: 6.788 loading class java/lang/Long done
Event: 6.789 loading class java/lang/NullPointerException
Event: 6.789 loading class java/lang/NullPointerException done
Event: 6.789 loading class java/lang/ArithmeticException
Event: 6.789 loading class java/lang/ArithmeticException done


Dynamic libraries:
0x00007ff6eb8a0000 - 0x00007ff6eb8d4000 	C:\Program Files (x86)\Java\jdk1.8.0_25\bin\java.exe
0x00007ff8efe70000 - 0x00007ff8f0031000 	C:\WINDOWS\SYSTEM32\ntdll.dll
0x00007ff8ee130000 - 0x00007ff8ee1dd000 	C:\WINDOWS\system32\KERNEL32.DLL
0x00007ff8ec800000 - 0x00007ff8ec9e8000 	C:\WINDOWS\system32\KERNELBASE.dll
0x00007ff8eddb0000 - 0x00007ff8ede57000 	C:\WINDOWS\system32\ADVAPI32.dll
0x00007ff8ed2d0000 - 0x00007ff8ed36d000 	C:\WINDOWS\system32\msvcrt.dll
0x00007ff8ee2b0000 - 0x00007ff8ee30b000 	C:\WINDOWS\system32\sechost.dll
0x00007ff8ed5c0000 - 0x00007ff8ed6dc000 	C:\WINDOWS\system32\RPCRT4.dll
0x00007ff8ed370000 - 0x00007ff8ed4c6000 	C:\WINDOWS\system32\USER32.dll
0x00007ff8ed7b0000 - 0x00007ff8ed936000 	C:\WINDOWS\system32\GDI32.dll
0x00007ff8e81f0000 - 0x00007ff8e8464000 	C:\WINDOWS\WinSxS\amd64_microsoft.windows.common-controls_6595b64144ccf1df_6.0.10586.0_none_8c15ae12515e1c22\COMCTL32.dll
0x00007ff8ee310000 - 0x00007ff8ee58d000 	C:\WINDOWS\system32\combase.dll
0x00007ff8eca40000 - 0x00007ff8ecaaa000 	C:\WINDOWS\system32\bcryptPrimitives.dll
0x00007ff8ed580000 - 0x00007ff8ed5bb000 	C:\WINDOWS\system32\IMM32.DLL
0x000000006cb60000 - 0x000000006cc32000 	C:\Program Files (x86)\Java\jdk1.8.0_25\jre\bin\msvcr100.dll
0x000000006c230000 - 0x000000006ca8a000 	C:\Program Files (x86)\Java\jdk1.8.0_25\jre\bin\server\jvm.dll
0x00007ff8edda0000 - 0x00007ff8edda8000 	C:\WINDOWS\system32\PSAPI.DLL
0x00007ff8e1410000 - 0x00007ff8e1419000 	C:\WINDOWS\SYSTEM32\WSOCK32.dll
0x00007ff8ee1e0000 - 0x00007ff8ee24b000 	C:\WINDOWS\system32\WS2_32.dll
0x00007ff8eab40000 - 0x00007ff8eab63000 	C:\WINDOWS\SYSTEM32\WINMM.dll
0x00007ff8eaae0000 - 0x00007ff8eab0c000 	C:\WINDOWS\SYSTEM32\WINMMBASE.dll
0x00007ff8ec9f0000 - 0x00007ff8eca33000 	C:\WINDOWS\system32\cfgmgr32.dll
0x000000006c220000 - 0x000000006c22f000 	C:\Program Files (x86)\Java\jdk1.8.0_25\jre\bin\verify.dll
0x000000006c1f0000 - 0x000000006c218000 	C:\Program Files (x86)\Java\jdk1.8.0_25\jre\bin\java.dll
0x000000006c1d0000 - 0x000000006c1e6000 	C:\Program Files (x86)\Java\jdk1.8.0_25\jre\bin\zip.dll

VM Arguments:
jvm_args: -Xmx1024M -Dfile.encoding=windows-1252 -Duser.country=IN -Duser.language=en -Duser.variant 
java_command: com.android.dx.command.Main --dex --num-threads=4 --output C:\Users\Tirth Shah\Career\Code\Android\SimpleWebAPI\ElasticSearchLibrary\app\build\intermediates\pre-dexed\debug\lucene-queries-5.5.0-c3cfc9163d450e636ccc11a62cfef96440da65b6.jar C:\Users\Tirth Shah\.gradle\caches\modules-2\files-2.1\org.apache.lucene\lucene-queries\5.5.0\60ca161c1dd5f127907423b6f039b846fb713de0\lucene-queries-5.5.0.jar
java_class_path (initial): F:\sdk\build-tools\23.0.1\lib\dx.jar
Launcher Type: SUN_STANDARD

Environment Variables:
JAVA_HOME=C:\Program Files (x86)\Java\jdk1.8.0_25\
PATH=C:\Program Files (x86)\Brackets\command;C:\Program Files\Microsoft SQL Server\110\Tools\Binn\;C:\Program Files (x86)\Microsoft SDKs\TypeScript\1.0\;C:\Program Files\Microsoft SQL Server\120\Tools\Binn\;C:\WINDOWS\system32;C:\WINDOWS;C:\WINDOWS\System32\Wbem;C:\WINDOWS\System32\WindowsPowerShell\v1.0\;C:\Program Files (x86)\GtkSharp\2.12\bin;C:\Program Files\nodejs\;C:\Cocos\Cocos2d-x\Cocos2d-x-3.10\templates;C:\Cocos\Cocos2d-x\Cocos2d-x-3.10\tools\cocos2d-console\bin;C:\Program Files (x86)\Java\jdk1.8.0_25\bin;C:\Python27;C:\Users\Tirth Shah\AppData\Roaming\npm;C:\Users\Tirth Shah\AppData\Local\atom\bin
USERNAME=Tirth Shah
OS=Windows_NT
PROCESSOR_IDENTIFIER=Intel64 Family 6 Model 69 Stepping 1, GenuineIntel



---------------  S Y S T E M  ---------------

OS: Windows 8.1 , 64 bit Build 9600 

CPU:total 4 (2 cores per cpu, 2 threads per core) family 6 model 69 stepping 1, cmov, cx8, fxsr, mmx, sse, sse2, sse3, ssse3, sse4.1, sse4.2, popcnt, avx, avx2, aes, clmul, erms, lzcnt, ht, tsc, tscinvbit, bmi1, bmi2

Memory: 4k page, physical 8278296k(1457412k free), swap 10230040k(5184k free)

vm_info: Java HotSpot(TM) 64-Bit Server VM (25.25-b02) for windows-amd64 JRE (1.8.0_25-b18), built on Oct  7 2014 14:25:37 by "java_re" with MS VC++ 10.0 (VS2010)

time: Thu May 12 15:24:16 2016
elapsed time: 6 seconds (0d 0h 0m 6s)

