#
# There is insufficient memory for the Java Runtime Environment to continue.
# Native memory allocation (malloc) failed to allocate 32784 bytes for Chunk::new
# Possible reasons:
#   The system is out of physical RAM or swap space
#   In 32 bit mode, the process size limit was hit
# Possible solutions:
#   Reduce memory load on the system
#   Increase physical memory or swap space
#   Check if swap backing store is full
#   Use 64 bit Java on a 64 bit OS
#   Decrease Java heap size (-Xmx/-Xms)
#   Decrease number of Java threads
#   Decrease Java thread stack sizes (-Xss)
#   Set larger code cache with -XX:ReservedCodeCacheSize=
# This output file may be truncated or incomplete.
#
#  Out of Memory Error (allocation.cpp:390), pid=8180, tid=12324
#
# JRE version: Java(TM) SE Runtime Environment (8.0_25-b18) (build 1.8.0_25-b18)
# Java VM: Java HotSpot(TM) 64-Bit Server VM (25.25-b02 mixed mode windows-amd64 compressed oops)
# Failed to write core dump. Minidumps are not enabled by default on client versions of Windows
#

---------------  T H R E A D  ---------------

Current thread (0x00000000148af000):  JavaThread "C2 CompilerThread1" daemon [_thread_in_native, id=12324, stack(0x0000000015f10000,0x0000000016010000)]

Stack: [0x0000000015f10000,0x0000000016010000]
Native frames: (J=compiled Java code, j=interpreted, Vv=VM code, C=native code)
V  [jvm.dll+0x31667a]
V  [jvm.dll+0x267073]
V  [jvm.dll+0x267cb3]
V  [jvm.dll+0x25f5b5]
V  [jvm.dll+0xbf165]
V  [jvm.dll+0xbf60c]
V  [jvm.dll+0xbf8b4]
V  [jvm.dll+0x4e6020]
V  [jvm.dll+0x49eb96]
V  [jvm.dll+0x452b41]
V  [jvm.dll+0x453864]
V  [jvm.dll+0x437372]
V  [jvm.dll+0x98a02]
V  [jvm.dll+0x991f3]
V  [jvm.dll+0x22bde4]
V  [jvm.dll+0x2852fa]
C  [msvcr100.dll+0x21d9f]
C  [msvcr100.dll+0x21e3b]
C  [KERNEL32.DLL+0x18102]
C  [ntdll.dll+0x5c5b4]


Current CompileTask:
C2:  15864 2218 %     4       com.android.dx.rop.cst.CstString::stringToUtf8Bytes @ 16 (175 bytes)


---------------  P R O C E S S  ---------------

Java Threads: ( => current thread )
  0x0000000016d96800 JavaThread "pool-1-thread-4" [_thread_in_Java, id=10068, stack(0x00000000182e0000,0x00000000183e0000)]
  0x0000000016d96000 JavaThread "pool-1-thread-3" [_thread_in_vm, id=6192, stack(0x00000000181e0000,0x00000000182e0000)]
  0x0000000016c56000 JavaThread "pool-1-thread-2" [_thread_blocked, id=12568, stack(0x00000000180e0000,0x00000000181e0000)]
  0x0000000016ef0000 JavaThread "pool-2-thread-1" [_thread_blocked, id=11824, stack(0x0000000017fe0000,0x00000000180e0000)]
  0x0000000016b6e800 JavaThread "pool-1-thread-1" [_thread_blocked, id=10584, stack(0x0000000017ee0000,0x0000000017fe0000)]
  0x000000001490b800 JavaThread "Service Thread" daemon [_thread_blocked, id=6504, stack(0x0000000016110000,0x0000000016210000)]
  0x0000000014900000 JavaThread "C1 CompilerThread2" daemon [_thread_blocked, id=5000, stack(0x0000000016010000,0x0000000016110000)]
=>0x00000000148af000 JavaThread "C2 CompilerThread1" daemon [_thread_in_native, id=12324, stack(0x0000000015f10000,0x0000000016010000)]
  0x00000000148ac000 JavaThread "C2 CompilerThread0" daemon [_thread_blocked, id=11128, stack(0x0000000015e10000,0x0000000015f10000)]
  0x00000000148aa800 JavaThread "Attach Listener" daemon [_thread_blocked, id=1536, stack(0x0000000015d10000,0x0000000015e10000)]
  0x00000000148a9800 JavaThread "Signal Dispatcher" daemon [_thread_blocked, id=12424, stack(0x0000000015c10000,0x0000000015d10000)]
  0x00000000021d0800 JavaThread "Finalizer" daemon [_thread_blocked, id=1544, stack(0x0000000015b10000,0x0000000015c10000)]
  0x00000000021cd000 JavaThread "Reference Handler" daemon [_thread_blocked, id=2768, stack(0x0000000015a10000,0x0000000015b10000)]
  0x0000000001ebe000 JavaThread "main" [_thread_blocked, id=12492, stack(0x0000000001ee0000,0x0000000001fe0000)]

Other Threads:
  0x0000000014877000 VMThread [stack: 0x0000000015910000,0x0000000015a10000] [id=7840]
  0x000000001490e800 WatcherThread [stack: 0x0000000016210000,0x0000000016310000] [id=4400]

VM state:not at safepoint (normal execution)

VM Mutex/Monitor currently owned by a thread: None

Heap:
 PSYoungGen      total 138240K, used 50446K [0x00000000eab00000, 0x00000000f3700000, 0x0000000100000000)
  eden space 133120K, 34% used [0x00000000eab00000,0x00000000ed74b5b0,0x00000000f2d00000)
  from space 5120K, 99% used [0x00000000f3200000,0x00000000f36f85e0,0x00000000f3700000)
  to   space 5120K, 0% used [0x00000000f2d00000,0x00000000f2d00000,0x00000000f3200000)
 ParOldGen       total 87552K, used 29464K [0x00000000c0000000, 0x00000000c5580000, 0x00000000eab00000)
  object space 87552K, 33% used [0x00000000c0000000,0x00000000c1cc6188,0x00000000c5580000)
 Metaspace       used 6322K, capacity 7218K, committed 7296K, reserved 1056768K
  class space    used 604K, capacity 618K, committed 640K, reserved 1048576K

Card table byte_map: [0x00000000115a0000,0x00000000117b0000] byte_map_base: 0x0000000010fa0000

Marking Bits: (ParMarkBitMap*) 0x000000006ca0d490
 Begin Bits: [0x0000000011d10000, 0x0000000012d10000)
 End Bits:   [0x0000000012d10000, 0x0000000013d10000)

Polling page: 0x0000000001e40000

CodeCache: size=245760Kb used=10842Kb max_used=10855Kb free=234917Kb
 bounds [0x00000000021e0000, 0x0000000002c90000, 0x00000000111e0000]
 total_blobs=2415 nmethods=2150 adapters=178
 compilation: enabled

Compilation events (10 events):
Event: 15.834 Thread 0x00000000148ac000 nmethod 2213 0x0000000002c59150 code [0x0000000002c59280, 0x0000000002c59338]
Event: 15.834 Thread 0x0000000014900000 2214       3       java.util.concurrent.locks.AbstractQueuedSynchronizer$ConditionObject::addConditionWaiter (64 bytes)
Event: 15.834 Thread 0x0000000014900000 nmethod 2214 0x0000000002c57b90 code [0x0000000002c57d20, 0x0000000002c58148]
Event: 15.834 Thread 0x0000000014900000 2215   !   3       java.util.concurrent.locks.AbstractQueuedSynchronizer::fullyRelease (54 bytes)
Event: 15.835 Thread 0x0000000014900000 nmethod 2215 0x0000000002c57190 code [0x0000000002c57340, 0x0000000002c57908]
Event: 15.837 Thread 0x00000000148af000 2216       4       com.android.dx.cf.code.LocalVariableList$Item::<init> (115 bytes)
Event: 15.838 Thread 0x00000000148af000 nmethod 2216 0x0000000002c69610 code [0x0000000002c69760, 0x0000000002c69898]
Event: 15.838 Thread 0x00000000148ac000 2217       4       com.android.dx.cf.code.BasicBlocker::visitCommon (34 bytes)
Event: 15.840 Thread 0x00000000148ac000 nmethod 2217 0x0000000002c6acd0 code [0x0000000002c6ae20, 0x0000000002c6af98]
Event: 15.843 Thread 0x00000000148af000 2218 %     4       com.android.dx.rop.cst.CstString::stringToUtf8Bytes @ 16 (175 bytes)

GC Heap History (8 events):
Event: 4.586 GC heap before
{Heap before GC invocations=1 (full 0):
 PSYoungGen      total 38400K, used 33280K [0x00000000eab00000, 0x00000000ed580000, 0x0000000100000000)
  eden space 33280K, 100% used [0x00000000eab00000,0x00000000ecb80000,0x00000000ecb80000)
  from space 5120K, 0% used [0x00000000ed080000,0x00000000ed080000,0x00000000ed580000)
  to   space 5120K, 0% used [0x00000000ecb80000,0x00000000ecb80000,0x00000000ed080000)
 ParOldGen       total 87552K, used 0K [0x00000000c0000000, 0x00000000c5580000, 0x00000000eab00000)
  object space 87552K, 0% used [0x00000000c0000000,0x00000000c0000000,0x00000000c5580000)
 Metaspace       used 5899K, capacity 6960K, committed 7040K, reserved 1056768K
  class space    used 583K, capacity 616K, committed 640K, reserved 1048576K
Event: 4.775 GC heap after
Heap after GC invocations=1 (full 0):
 PSYoungGen      total 38400K, used 5116K [0x00000000eab00000, 0x00000000ef600000, 0x0000000100000000)
  eden space 33280K, 0% used [0x00000000eab00000,0x00000000eab00000,0x00000000ecb80000)
  from space 5120K, 99% used [0x00000000ecb80000,0x00000000ed07f2c0,0x00000000ed080000)
  to   space 5120K, 0% used [0x00000000ef100000,0x00000000ef100000,0x00000000ef600000)
 ParOldGen       total 87552K, used 3501K [0x00000000c0000000, 0x00000000c5580000, 0x00000000eab00000)
  object space 87552K, 3% used [0x00000000c0000000,0x00000000c036b7a8,0x00000000c5580000)
 Metaspace       used 5899K, capacity 6960K, committed 7040K, reserved 1056768K
  class space    used 583K, capacity 616K, committed 640K, reserved 1048576K
}
Event: 7.571 GC heap before
{Heap before GC invocations=2 (full 0):
 PSYoungGen      total 38400K, used 38396K [0x00000000eab00000, 0x00000000ef600000, 0x0000000100000000)
  eden space 33280K, 100% used [0x00000000eab00000,0x00000000ecb80000,0x00000000ecb80000)
  from space 5120K, 99% used [0x00000000ecb80000,0x00000000ed07f2c0,0x00000000ed080000)
  to   space 5120K, 0% used [0x00000000ef100000,0x00000000ef100000,0x00000000ef600000)
 ParOldGen       total 87552K, used 3501K [0x00000000c0000000, 0x00000000c5580000, 0x00000000eab00000)
  object space 87552K, 3% used [0x00000000c0000000,0x00000000c036b7a8,0x00000000c5580000)
 Metaspace       used 6056K, capacity 7088K, committed 7296K, reserved 1056768K
  class space    used 584K, capacity 616K, committed 640K, reserved 1048576K
Event: 7.743 GC heap after
Heap after GC invocations=2 (full 0):
 PSYoungGen      total 71680K, used 5116K [0x00000000eab00000, 0x00000000ef600000, 0x0000000100000000)
  eden space 66560K, 0% used [0x00000000eab00000,0x00000000eab00000,0x00000000eec00000)
  from space 5120K, 99% used [0x00000000ef100000,0x00000000ef5ff1c0,0x00000000ef600000)
  to   space 5120K, 0% used [0x00000000eec00000,0x00000000eec00000,0x00000000ef100000)
 ParOldGen       total 87552K, used 8242K [0x00000000c0000000, 0x00000000c5580000, 0x00000000eab00000)
  object space 87552K, 9% used [0x00000000c0000000,0x00000000c080cb08,0x00000000c5580000)
 Metaspace       used 6056K, capacity 7088K, committed 7296K, reserved 1056768K
  class space    used 584K, capacity 616K, committed 640K, reserved 1048576K
}
Event: 8.921 GC heap before
{Heap before GC invocations=3 (full 0):
 PSYoungGen      total 71680K, used 71676K [0x00000000eab00000, 0x00000000ef600000, 0x0000000100000000)
  eden space 66560K, 100% used [0x00000000eab00000,0x00000000eec00000,0x00000000eec00000)
  from space 5120K, 99% used [0x00000000ef100000,0x00000000ef5ff1c0,0x00000000ef600000)
  to   space 5120K, 0% used [0x00000000eec00000,0x00000000eec00000,0x00000000ef100000)
 ParOldGen       total 87552K, used 8242K [0x00000000c0000000, 0x00000000c5580000, 0x00000000eab00000)
  object space 87552K, 9% used [0x00000000c0000000,0x00000000c080cb08,0x00000000c5580000)
 Metaspace       used 6134K, capacity 7152K, committed 7296K, reserved 1056768K
  class space    used 584K, capacity 616K, committed 640K, reserved 1048576K
Event: 9.132 GC heap after
Heap after GC invocations=3 (full 0):
 PSYoungGen      total 71680K, used 5104K [0x00000000eab00000, 0x00000000f3700000, 0x0000000100000000)
  eden space 66560K, 0% used [0x00000000eab00000,0x00000000eab00000,0x00000000eec00000)
  from space 5120K, 99% used [0x00000000eec00000,0x00000000ef0fc030,0x00000000ef100000)
  to   space 5120K, 0% used [0x00000000f3200000,0x00000000f3200000,0x00000000f3700000)
 ParOldGen       total 87552K, used 18025K [0x00000000c0000000, 0x00000000c5580000, 0x00000000eab00000)
  object space 87552K, 20% used [0x00000000c0000000,0x00000000c119a638,0x00000000c5580000)
 Metaspace       used 6134K, capacity 7152K, committed 7296K, reserved 1056768K
  class space    used 584K, capacity 616K, committed 640K, reserved 1048576K
}
Event: 12.065 GC heap before
{Heap before GC invocations=4 (full 0):
 PSYoungGen      total 71680K, used 71664K [0x00000000eab00000, 0x00000000f3700000, 0x0000000100000000)
  eden space 66560K, 100% used [0x00000000eab00000,0x00000000eec00000,0x00000000eec00000)
  from space 5120K, 99% used [0x00000000eec00000,0x00000000ef0fc030,0x00000000ef100000)
  to   space 5120K, 0% used [0x00000000f3200000,0x00000000f3200000,0x00000000f3700000)
 ParOldGen       total 87552K, used 18025K [0x00000000c0000000, 0x00000000c5580000, 0x00000000eab00000)
  object space 87552K, 20% used [0x00000000c0000000,0x00000000c119a638,0x00000000c5580000)
 Metaspace       used 6306K, capacity 7218K, committed 7296K, reserved 1056768K
  class space    used 604K, capacity 618K, committed 640K, reserved 1048576K
Event: 12.748 GC heap after
Heap after GC invocations=4 (full 0):
 PSYoungGen      total 138240K, used 5089K [0x00000000eab00000, 0x00000000f3700000, 0x0000000100000000)
  eden space 133120K, 0% used [0x00000000eab00000,0x00000000eab00000,0x00000000f2d00000)
  from space 5120K, 99% used [0x00000000f3200000,0x00000000f36f85e0,0x00000000f3700000)
  to   space 5120K, 0% used [0x00000000f2d00000,0x00000000f2d00000,0x00000000f3200000)
 ParOldGen       total 87552K, used 29464K [0x00000000c0000000, 0x00000000c5580000, 0x00000000eab00000)
  object space 87552K, 33% used [0x00000000c0000000,0x00000000c1cc6188,0x00000000c5580000)
 Metaspace       used 6306K, capacity 7218K, committed 7296K, reserved 1056768K
  class space    used 604K, capacity 618K, committed 640K, reserved 1048576K
}

Deoptimization events (10 events):
Event: 11.761 Thread 0x0000000016c56000 Uncommon trap: reason=unreached action=reinterpret pc=0x0000000002868204 method=com.android.dx.rop.code.LocalVariableExtractor.processBlock(I)V @ 195
Event: 13.000 Thread 0x0000000016d96800 Uncommon trap: reason=unreached action=reinterpret pc=0x0000000002b0c204 method=com.android.dx.cf.code.BytecodeArray.parseInstruction(ILcom/android/dx/cf/code/BytecodeArray$Visitor;)I @ 1198
Event: 13.020 Thread 0x0000000016d96800 Uncommon trap: reason=class_check action=maybe_recompile pc=0x0000000002659b24 method=java.util.HashMap.putVal(ILjava/lang/Object;Ljava/lang/Object;ZZ)Ljava/lang/Object; @ 203
Event: 13.207 Thread 0x0000000016c56000 Uncommon trap: reason=class_check action=maybe_recompile pc=0x00000000029d2e58 method=com.android.dx.cf.code.RopperMachine.run(Lcom/android/dx/cf/code/Frame;II)V @ 1024
Event: 13.208 Thread 0x0000000016c56000 Uncommon trap: reason=class_check action=maybe_recompile pc=0x00000000029d2e58 method=com.android.dx.cf.code.RopperMachine.run(Lcom/android/dx/cf/code/Frame;II)V @ 1024
Event: 14.686 Thread 0x0000000016c56000 Uncommon trap: reason=unreached action=reinterpret pc=0x0000000002c0523c method=com.android.dx.cf.code.RopperMachine.run(Lcom/android/dx/cf/code/Frame;II)V @ 1500
Event: 14.686 Thread 0x0000000016c56000 Uncommon trap: reason=class_check action=maybe_recompile pc=0x0000000002950fb0 method=com.android.dx.cf.code.Ropper.processBlock(Lcom/android/dx/cf/code/ByteBlock;Lcom/android/dx/cf/code/Frame;[I)V @ 777
Event: 14.686 Thread 0x0000000016c56000 Uncommon trap: reason=class_check action=maybe_recompile pc=0x0000000002950fb0 method=com.android.dx.cf.code.Ropper.processBlock(Lcom/android/dx/cf/code/ByteBlock;Lcom/android/dx/cf/code/Frame;[I)V @ 777
Event: 14.688 Thread 0x0000000016c56000 Uncommon trap: reason=class_check action=maybe_recompile pc=0x0000000002950fb0 method=com.android.dx.cf.code.Ropper.processBlock(Lcom/android/dx/cf/code/ByteBlock;Lcom/android/dx/cf/code/Frame;[I)V @ 777
Event: 14.688 Thread 0x0000000016c56000 Uncommon trap: reason=class_check action=maybe_recompile pc=0x0000000002950fb0 method=com.android.dx.cf.code.Ropper.processBlock(Lcom/android/dx/cf/code/ByteBlock;Lcom/android/dx/cf/code/Frame;[I)V @ 777

Internal exceptions (10 events):
Event: 3.275 Thread 0x0000000016b6e800 Exception <a 'java/security/PrivilegedActionException'> (0x00000000ec49dbb8) thrown at [D:\re\workspace\8-2-build-windows-amd64-cygwin\jdk8u25\1677\hotspot\src\share\vm\prims\jvm.cpp, line 1312]
Event: 3.276 Thread 0x0000000016b6e800 Exception <a 'java/security/PrivilegedActionException'> (0x00000000ec4a3320) thrown at [D:\re\workspace\8-2-build-windows-amd64-cygwin\jdk8u25\1677\hotspot\src\share\vm\prims\jvm.cpp, line 1312]
Event: 3.277 Thread 0x0000000016b6e800 Exception <a 'java/security/PrivilegedActionException'> (0x00000000ec4a87e0) thrown at [D:\re\workspace\8-2-build-windows-amd64-cygwin\jdk8u25\1677\hotspot\src\share\vm\prims\jvm.cpp, line 1312]
Event: 3.330 Thread 0x0000000001ebe000 Implicit null exception at 0x0000000002658c62 to 0x0000000002658d55
Event: 5.968 Thread 0x0000000016b6e800 Exception <a 'java/security/PrivilegedActionException'> (0x00000000ebb79970) thrown at [D:\re\workspace\8-2-build-windows-amd64-cygwin\jdk8u25\1677\hotspot\src\share\vm\prims\jvm.cpp, line 1312]
Event: 9.566 Thread 0x0000000001ebe000 Exception <a 'java/security/PrivilegedActionException'> (0x00000000eba828e8) thrown at [D:\re\workspace\8-2-build-windows-amd64-cygwin\jdk8u25\1677\hotspot\src\share\vm\prims\jvm.cpp, line 1312]
Event: 9.633 Thread 0x0000000016d96000 Exception <a 'java/lang/ArrayIndexOutOfBoundsException': 18> (0x00000000ec495a18) thrown at [D:\re\workspace\8-2-build-windows-amd64-cygwin\jdk8u25\1677\hotspot\src\share\vm\interpreter\interpreterRuntime.cpp, line 366]
Event: 9.634 Thread 0x0000000016d96000 Exception <a 'java/lang/ArrayIndexOutOfBoundsException'> (0x00000000ec4974b0) thrown at [D:\re\workspace\8-2-build-windows-amd64-cygwin\jdk8u25\1677\hotspot\src\share\vm\runtime\sharedRuntime.cpp, line 604]
Event: 9.635 Thread 0x0000000016d96000 Exception <a 'java/lang/ArrayIndexOutOfBoundsException'> (0x00000000ec4986c8) thrown at [D:\re\workspace\8-2-build-windows-amd64-cygwin\jdk8u25\1677\hotspot\src\share\vm\runtime\sharedRuntime.cpp, line 604]
Event: 10.299 Thread 0x0000000016b6e800 Implicit null exception at 0x00000000026b579f to 0x00000000026b5949

Events (10 events):
Event: 14.686 Thread 0x0000000016c56000 DEOPT PACKING pc=0x0000000002950fb0 sp=0x00000000181de750
Event: 14.686 Thread 0x0000000016c56000 DEOPT UNPACKING pc=0x000000000222556a sp=0x00000000181de718 mode 2
Event: 14.688 Thread 0x0000000016c56000 Uncommon trap: trap_request=0xffffffde fr.pc=0x0000000002950fb0
Event: 14.688 Thread 0x0000000016c56000 DEOPT PACKING pc=0x0000000002950fb0 sp=0x00000000181de750
Event: 14.688 Thread 0x0000000016c56000 DEOPT UNPACKING pc=0x000000000222556a sp=0x00000000181de718 mode 2
Event: 14.688 Thread 0x0000000016c56000 Uncommon trap: trap_request=0xffffffde fr.pc=0x0000000002950fb0
Event: 14.688 Thread 0x0000000016c56000 DEOPT PACKING pc=0x0000000002950fb0 sp=0x00000000181de750
Event: 14.688 Thread 0x0000000016c56000 DEOPT UNPACKING pc=0x000000000222556a sp=0x00000000181de718 mode 2
Event: 15.062 Thread 0x0000000016d96800 DEOPT PACKING pc=0x0000000002644768 sp=0x00000000183de6f0
Event: 15.062 Thread 0x0000000016d96800 DEOPT UNPACKING pc=0x00000000022275bf sp=0x00000000183de450 mode 0


Dynamic libraries:
0x00007ff6eb8a0000 - 0x00007ff6eb8d4000 	C:\Program Files (x86)\Java\jdk1.8.0_25\bin\java.exe
0x00007ff8efe70000 - 0x00007ff8f0031000 	C:\WINDOWS\SYSTEM32\ntdll.dll
0x00007ff8ee130000 - 0x00007ff8ee1dd000 	C:\WINDOWS\system32\KERNEL32.DLL
0x00007ff8ec800000 - 0x00007ff8ec9e8000 	C:\WINDOWS\system32\KERNELBASE.dll
0x00007ff8eddb0000 - 0x00007ff8ede57000 	C:\WINDOWS\system32\ADVAPI32.dll
0x00007ff8ed2d0000 - 0x00007ff8ed36d000 	C:\WINDOWS\system32\msvcrt.dll
0x00007ff8ee2b0000 - 0x00007ff8ee30b000 	C:\WINDOWS\system32\sechost.dll
0x00007ff8ed5c0000 - 0x00007ff8ed6dc000 	C:\WINDOWS\system32\RPCRT4.dll
0x00007ff8ed370000 - 0x00007ff8ed4c6000 	C:\WINDOWS\system32\USER32.dll
0x00007ff8ed7b0000 - 0x00007ff8ed936000 	C:\WINDOWS\system32\GDI32.dll
0x00007ff8e81f0000 - 0x00007ff8e8464000 	C:\WINDOWS\WinSxS\amd64_microsoft.windows.common-controls_6595b64144ccf1df_6.0.10586.0_none_8c15ae12515e1c22\COMCTL32.dll
0x00007ff8ee310000 - 0x00007ff8ee58d000 	C:\WINDOWS\system32\combase.dll
0x00007ff8eca40000 - 0x00007ff8ecaaa000 	C:\WINDOWS\system32\bcryptPrimitives.dll
0x00007ff8ed580000 - 0x00007ff8ed5bb000 	C:\WINDOWS\system32\IMM32.DLL
0x000000006cb60000 - 0x000000006cc32000 	C:\Program Files (x86)\Java\jdk1.8.0_25\jre\bin\msvcr100.dll
0x000000006c230000 - 0x000000006ca8a000 	C:\Program Files (x86)\Java\jdk1.8.0_25\jre\bin\server\jvm.dll
0x00007ff8edda0000 - 0x00007ff8edda8000 	C:\WINDOWS\system32\PSAPI.DLL
0x00007ff8e1410000 - 0x00007ff8e1419000 	C:\WINDOWS\SYSTEM32\WSOCK32.dll
0x00007ff8ee1e0000 - 0x00007ff8ee24b000 	C:\WINDOWS\system32\WS2_32.dll
0x00007ff8eab40000 - 0x00007ff8eab63000 	C:\WINDOWS\SYSTEM32\WINMM.dll
0x00007ff8eaae0000 - 0x00007ff8eab0c000 	C:\WINDOWS\SYSTEM32\WINMMBASE.dll
0x00007ff8ec9f0000 - 0x00007ff8eca33000 	C:\WINDOWS\system32\cfgmgr32.dll
0x000000006c220000 - 0x000000006c22f000 	C:\Program Files (x86)\Java\jdk1.8.0_25\jre\bin\verify.dll
0x000000006c1f0000 - 0x000000006c218000 	C:\Program Files (x86)\Java\jdk1.8.0_25\jre\bin\java.dll
0x000000006c1d0000 - 0x000000006c1e6000 	C:\Program Files (x86)\Java\jdk1.8.0_25\jre\bin\zip.dll
0x00007ff8ee5a0000 - 0x00007ff8efafc000 	C:\WINDOWS\system32\SHELL32.dll
0x00007ff8ecab0000 - 0x00007ff8ed0f5000 	C:\WINDOWS\system32\windows.storage.dll
0x00007ff8ee0d0000 - 0x00007ff8ee122000 	C:\WINDOWS\system32\shlwapi.dll
0x00007ff8ec510000 - 0x00007ff8ec51f000 	C:\WINDOWS\system32\kernel.appcore.dll
0x00007ff8ed1b0000 - 0x00007ff8ed265000 	C:\WINDOWS\system32\shcore.dll
0x00007ff8ec4a0000 - 0x00007ff8ec4eb000 	C:\WINDOWS\system32\powrprof.dll
0x00007ff8ec4f0000 - 0x00007ff8ec504000 	C:\WINDOWS\system32\profapi.dll
0x00007ff8ccad0000 - 0x00007ff8ccc5c000 	C:\WINDOWS\SYSTEM32\dbghelp.dll

VM Arguments:
jvm_args: -Xmx1024M -Dfile.encoding=windows-1252 -Duser.country=IN -Duser.language=en -Duser.variant 
java_command: com.android.dx.command.Main --dex --num-threads=4 --output C:\Users\Tirth Shah\Career\Code\Android\SimpleWebAPI\ElasticSearchLibrary\app\build\intermediates\pre-dexed\debug\elasticsearch-2.3.2-974674649672eadeb8abafe7f71c006055f86636.jar C:\Users\Tirth Shah\.gradle\caches\modules-2\files-2.1\org.elasticsearch\elasticsearch\2.3.2\3eb34ea020b200fac7210a982243efb3179da2fb\elasticsearch-2.3.2.jar
java_class_path (initial): F:\sdk\build-tools\23.0.1\lib\dx.jar
Launcher Type: SUN_STANDARD

Environment Variables:
JAVA_HOME=C:\Program Files (x86)\Java\jdk1.8.0_25\
PATH=C:\Program Files (x86)\Brackets\command;C:\Program Files\Microsoft SQL Server\110\Tools\Binn\;C:\Program Files (x86)\Microsoft SDKs\TypeScript\1.0\;C:\Program Files\Microsoft SQL Server\120\Tools\Binn\;C:\WINDOWS\system32;C:\WINDOWS;C:\WINDOWS\System32\Wbem;C:\WINDOWS\System32\WindowsPowerShell\v1.0\;C:\Program Files (x86)\GtkSharp\2.12\bin;C:\Program Files\nodejs\;C:\Cocos\Cocos2d-x\Cocos2d-x-3.10\templates;C:\Cocos\Cocos2d-x\Cocos2d-x-3.10\tools\cocos2d-console\bin;C:\Program Files (x86)\Java\jdk1.8.0_25\bin;C:\Python27;C:\Users\Tirth Shah\AppData\Roaming\npm;C:\Users\Tirth Shah\AppData\Local\atom\bin
USERNAME=Tirth Shah
OS=Windows_NT
PROCESSOR_IDENTIFIER=Intel64 Family 6 Model 69 Stepping 1, GenuineIntel



---------------  S Y S T E M  ---------------

OS: Windows 8.1 , 64 bit Build 9600 

CPU:total 4 (2 cores per cpu, 2 threads per core) family 6 model 69 stepping 1, cmov, cx8, fxsr, mmx, sse, sse2, sse3, ssse3, sse4.1, sse4.2, popcnt, avx, avx2, aes, clmul, erms, lzcnt, ht, tsc, tscinvbit, bmi1, bmi2

Memory: 4k page, physical 8278296k(1457468k free), swap 10230040k(4104k free)

vm_info: Java HotSpot(TM) 64-Bit Server VM (25.25-b02) for windows-amd64 JRE (1.8.0_25-b18), built on Oct  7 2014 14:25:37 by "java_re" with MS VC++ 10.0 (VS2010)

time: Thu May 12 15:24:16 2016
elapsed time: 15 seconds (0d 0h 0m 15s)

